{"/home/michael/RustroverProjects/notes/src/components/Button.jsx": {"path":"/home/michael/RustroverProjects/notes/src/components/Button.jsx","statementMap":{"0":{"start":{"line":9,"column":22},"end":{"line":13,"column":null}},"1":{"start":{"line":15,"column":25},"end":{"line":19,"column":null}},"2":{"start":{"line":21,"column":2},"end":{"line":28,"column":null}}},"fnMap":{"0":{"name":"Button","decl":{"start":{"line":1,"column":16},"end":{"line":1,"column":23}},"loc":{"start":{"line":8,"column":3},"end":{"line":30,"column":null}},"line":8}},"branchMap":{"0":{"loc":{"start":{"line":4,"column":2},"end":{"line":4,"column":null}},"type":"default-arg","locations":[{"start":{"line":4,"column":12},"end":{"line":4,"column":null}}],"line":4},"1":{"loc":{"start":{"line":5,"column":2},"end":{"line":5,"column":null}},"type":"default-arg","locations":[{"start":{"line":5,"column":9},"end":{"line":5,"column":null}}],"line":5},"2":{"loc":{"start":{"line":6,"column":2},"end":{"line":6,"column":null}},"type":"default-arg","locations":[{"start":{"line":6,"column":14},"end":{"line":6,"column":null}}],"line":6}},"s":{"0":69,"1":69,"2":69},"f":{"0":69},"b":{"0":[69],"1":[69],"2":[69]},"meta":{"lastBranch":3,"lastFunction":1,"lastStatement":3,"seen":{"f:1:16:1:23":0,"b:4:12:4:Infinity":0,"b:5:9:5:Infinity":1,"b:6:14:6:Infinity":2,"s:9:22:13:Infinity":0,"s:15:25:19:Infinity":1,"s:21:2:28:Infinity":2}}}
,"/home/michael/RustroverProjects/notes/src/components/Input.jsx": {"path":"/home/michael/RustroverProjects/notes/src/components/Input.jsx","statementMap":{"0":{"start":{"line":9,"column":22},"end":{"line":13,"column":null}},"1":{"start":{"line":15,"column":2},"end":{"line":22,"column":null}}},"fnMap":{"0":{"name":"Input","decl":{"start":{"line":1,"column":16},"end":{"line":1,"column":22}},"loc":{"start":{"line":8,"column":3},"end":{"line":24,"column":null}},"line":8}},"branchMap":{"0":{"loc":{"start":{"line":5,"column":2},"end":{"line":5,"column":null}},"type":"default-arg","locations":[{"start":{"line":5,"column":9},"end":{"line":5,"column":null}}],"line":5},"1":{"loc":{"start":{"line":6,"column":2},"end":{"line":6,"column":null}},"type":"default-arg","locations":[{"start":{"line":6,"column":14},"end":{"line":6,"column":null}}],"line":6}},"s":{"0":23,"1":23},"f":{"0":23},"b":{"0":[23],"1":[23]},"meta":{"lastBranch":2,"lastFunction":1,"lastStatement":2,"seen":{"f:1:16:1:22":0,"b:5:9:5:Infinity":0,"b:6:14:6:Infinity":1,"s:9:22:13:Infinity":0,"s:15:2:22:Infinity":1}}}
,"/home/michael/RustroverProjects/notes/src/components/NoteItem.jsx": {"path":"/home/michael/RustroverProjects/notes/src/components/NoteItem.jsx","statementMap":{"0":{"start":{"line":5,"column":2},"end":{"line":21,"column":null}},"1":{"start":{"line":9,"column":23},"end":{"line":9,"column":null}},"2":{"start":{"line":17,"column":23},"end":{"line":17,"column":null}}},"fnMap":{"0":{"name":"NoteItem","decl":{"start":{"line":4,"column":16},"end":{"line":4,"column":25}},"loc":{"start":{"line":4,"column":53},"end":{"line":23,"column":null}},"line":4},"1":{"name":"(anonymous_1)","decl":{"start":{"line":9,"column":17},"end":{"line":9,"column":23}},"loc":{"start":{"line":9,"column":23},"end":{"line":9,"column":null}},"line":9},"2":{"name":"(anonymous_2)","decl":{"start":{"line":17,"column":17},"end":{"line":17,"column":23}},"loc":{"start":{"line":17,"column":23},"end":{"line":17,"column":null}},"line":17}},"branchMap":{},"s":{"0":49,"1":3,"2":3},"f":{"0":49,"1":3,"2":3},"b":{},"meta":{"lastBranch":0,"lastFunction":3,"lastStatement":3,"seen":{"f:4:16:4:25":0,"s:5:2:21:Infinity":0,"f:9:17:9:23":1,"s:9:23:9:Infinity":1,"f:17:17:17:23":2,"s:17:23:17:Infinity":2}}}
,"/home/michael/RustroverProjects/notes/src/components/NotesList.jsx": {"path":"/home/michael/RustroverProjects/notes/src/components/NotesList.jsx","statementMap":{"0":{"start":{"line":4,"column":2},"end":{"line":10,"column":null}},"1":{"start":{"line":5,"column":4},"end":{"line":8,"column":null}},"2":{"start":{"line":12,"column":2},"end":{"line":22,"column":null}},"3":{"start":{"line":15,"column":8},"end":{"line":20,"column":null}}},"fnMap":{"0":{"name":"NotesList","decl":{"start":{"line":3,"column":16},"end":{"line":3,"column":26}},"loc":{"start":{"line":3,"column":63},"end":{"line":24,"column":null}},"line":3},"1":{"name":"(anonymous_1)","decl":{"start":{"line":14,"column":17},"end":{"line":14,"column":18}},"loc":{"start":{"line":15,"column":8},"end":{"line":20,"column":null}},"line":15}},"branchMap":{"0":{"loc":{"start":{"line":4,"column":2},"end":{"line":10,"column":null}},"type":"if","locations":[{"start":{"line":4,"column":2},"end":{"line":10,"column":null}},{"start":{},"end":{}}],"line":4},"1":{"loc":{"start":{"line":4,"column":6},"end":{"line":4,"column":36}},"type":"binary-expr","locations":[{"start":{"line":4,"column":6},"end":{"line":4,"column":16}},{"start":{"line":4,"column":16},"end":{"line":4,"column":36}}],"line":4}},"s":{"0":19,"1":4,"2":15,"3":43},"f":{"0":19,"1":43},"b":{"0":[4,15],"1":[19,17]},"meta":{"lastBranch":2,"lastFunction":2,"lastStatement":4,"seen":{"f:3:16:3:26":0,"b:4:2:10:Infinity:undefined:undefined:undefined:undefined":0,"s:4:2:10:Infinity":0,"b:4:6:4:16:4:16:4:36":1,"s:5:4:8:Infinity":1,"s:12:2:22:Infinity":2,"f:14:17:14:18":1,"s:15:8:20:Infinity":3}}}
,"/home/michael/RustroverProjects/notes/src/components/icons/PlusIcon.jsx": {"path":"/home/michael/RustroverProjects/notes/src/components/icons/PlusIcon.jsx","statementMap":{"0":{"start":{"line":2,"column":2},"end":{"line":17,"column":null}}},"fnMap":{"0":{"name":"PlusIcon","decl":{"start":{"line":1,"column":16},"end":{"line":1,"column":25}},"loc":{"start":{"line":1,"column":45},"end":{"line":19,"column":null}},"line":1}},"branchMap":{"0":{"loc":{"start":{"line":1,"column":27},"end":{"line":1,"column":42}},"type":"default-arg","locations":[{"start":{"line":1,"column":39},"end":{"line":1,"column":42}}],"line":1}},"s":{"0":14},"f":{"0":14},"b":{"0":[14]},"meta":{"lastBranch":1,"lastFunction":1,"lastStatement":1,"seen":{"f:1:16:1:25":0,"b:1:39:1:42":0,"s:2:2:17:Infinity":0}}}
,"/home/michael/RustroverProjects/notes/src/components/icons/TrashIcon.jsx": {"path":"/home/michael/RustroverProjects/notes/src/components/icons/TrashIcon.jsx","statementMap":{"0":{"start":{"line":2,"column":2},"end":{"line":20,"column":null}}},"fnMap":{"0":{"name":"TrashIcon","decl":{"start":{"line":1,"column":16},"end":{"line":1,"column":26}},"loc":{"start":{"line":1,"column":46},"end":{"line":22,"column":null}},"line":1}},"branchMap":{"0":{"loc":{"start":{"line":1,"column":28},"end":{"line":1,"column":43}},"type":"default-arg","locations":[{"start":{"line":1,"column":40},"end":{"line":1,"column":43}}],"line":1}},"s":{"0":53},"f":{"0":53},"b":{"0":[53]},"meta":{"lastBranch":1,"lastFunction":1,"lastStatement":1,"seen":{"f:1:16:1:26":0,"b:1:40:1:43":0,"s:2:2:20:Infinity":0}}}
,"/home/michael/RustroverProjects/notes/src/pages/NotesPage.jsx": {"path":"/home/michael/RustroverProjects/notes/src/pages/NotesPage.jsx","statementMap":{"0":{"start":{"line":9,"column":54},"end":{"line":9,"column":null}},"1":{"start":{"line":10,"column":21},"end":{"line":10,"column":null}},"2":{"start":{"line":12,"column":24},"end":{"line":14,"column":null}},"3":{"start":{"line":13,"column":4},"end":{"line":13,"column":null}},"4":{"start":{"line":16,"column":25},"end":{"line":18,"column":null}},"5":{"start":{"line":17,"column":4},"end":{"line":17,"column":null}},"6":{"start":{"line":20,"column":27},"end":{"line":22,"column":null}},"7":{"start":{"line":21,"column":4},"end":{"line":21,"column":null}},"8":{"start":{"line":24,"column":29},"end":{"line":26,"column":null}},"9":{"start":{"line":25,"column":4},"end":{"line":25,"column":null}},"10":{"start":{"line":28,"column":2},"end":{"line":47,"column":null}}},"fnMap":{"0":{"name":"NotesPage","decl":{"start":{"line":8,"column":16},"end":{"line":8,"column":28}},"loc":{"start":{"line":8,"column":28},"end":{"line":49,"column":null}},"line":8},"1":{"name":"(anonymous_1)","decl":{"start":{"line":12,"column":24},"end":{"line":12,"column":36}},"loc":{"start":{"line":12,"column":36},"end":{"line":14,"column":null}},"line":12},"2":{"name":"(anonymous_2)","decl":{"start":{"line":16,"column":25},"end":{"line":16,"column":32}},"loc":{"start":{"line":16,"column":43},"end":{"line":18,"column":null}},"line":16},"3":{"name":"(anonymous_3)","decl":{"start":{"line":20,"column":27},"end":{"line":20,"column":34}},"loc":{"start":{"line":20,"column":45},"end":{"line":22,"column":null}},"line":20},"4":{"name":"(anonymous_4)","decl":{"start":{"line":24,"column":29},"end":{"line":24,"column":30}},"loc":{"start":{"line":24,"column":36},"end":{"line":26,"column":null}},"line":24}},"branchMap":{},"s":{"0":10,"1":10,"2":10,"3":1,"4":10,"5":1,"6":10,"7":1,"8":10,"9":4,"10":10},"f":{"0":10,"1":1,"2":1,"3":1,"4":4},"b":{},"meta":{"lastBranch":0,"lastFunction":5,"lastStatement":11,"seen":{"f:8:16:8:28":0,"s:9:54:9:Infinity":0,"s:10:21:10:Infinity":1,"s:12:24:14:Infinity":2,"f:12:24:12:36":1,"s:13:4:13:Infinity":3,"s:16:25:18:Infinity":4,"f:16:25:16:32":2,"s:17:4:17:Infinity":5,"s:20:27:22:Infinity":6,"f:20:27:20:34":3,"s:21:4:21:Infinity":7,"s:24:29:26:Infinity":8,"f:24:29:24:30":4,"s:25:4:25:Infinity":9,"s:28:2:47:Infinity":10}}}
}
